AutoECO Report
FILE-A: C:\CADENCE\SPB_16.2\TOOLS\LAYOUT_PLUS\DATA\_DEFAULT.TCH
FILE-B: D:\ONEDRIVE\MN PROJECT\MY PROJECTS\RGB LED GLOBE - ROTATING SPHERE\RGB LED GLOBE\RGB LED GLOBE.MNL
If "*EOF*" immediately follows, no changes were made
Adding package HEADER8_1
Adding package HEADER6
Adding package HEADER5
Adding package 74HC595
Adding package HEADER3
Adding package CRYSTAL-2PIN
Adding package CAP_NP
Adding package CAP_POL
Adding package HOLE
Adding package LED
Adding package ATMEGA328-DIP
Adding package RES
Adding package LM_7812
Adding package HEADER2_0
Adding component J14
Adding component J20
Adding component J23
Adding component U10
Adding component J15
Adding component U13
Adding component J19
Adding component J9
Adding component U16
Adding component J2
Adding component J21
Adding component U8
Adding component J6
Adding component J10
Adding component J25
Adding component Y1
Adding component C3
Adding component J1
Adding component J7
Adding component J3
Adding component J11
Adding component C2
Adding component U11
Adding component U4
Adding component U14
Adding component J8
Adding component U6
Adding component C4
Adding component C1
Adding component U9
Adding component J28
Adding component J4
Adding component J12
Adding component C5
Adding component J29
Adding component D1
Adding component J24
Adding component U1
Adding component J30
Adding component C6
Adding component J31
Adding component C7
Adding component R2
Adding component U12
Adding component U5
Adding component U7
Adding component U15
Adding component U17
Adding component J13
Adding component R1
Adding component J5
Adding component J26
Adding component J27
Adding component U2
Adding component U3
Adding net N16121
Adding net N16136
Adding net N16148
Adding net N16259
Adding net N16271
Adding net N16286
Adding net N16402
Adding net N16406
Adding net N16410
Adding net N16414
Adding net N16418
Adding net N16422
Adding net N01365
Adding net N165460
Adding net N01359
Adding net N01383
Adding net N01377
Adding net N01375
Adding net N01369
Adding net N01389
Adding net N01385
Adding net N01387
Adding net N01381
Adding net N01393
Adding net N01363
Adding net N01367
Adding net RESET
Adding net N01373
Adding net VCC1
Adding net N01395
Adding net N01379
Adding net N01391
Adding net GND_EARTH
Adding net N01371
Adding net N01357
Adding net N01361
Adding net N01397
Adding net N01465
Adding net N01490
Adding net N03307
Adding net N19226
Adding net N20680
Adding net LATCH1
Adding net SCLK1
Adding net N21373
Adding net VCC2
Adding net N03983
Adding net N03931
Adding net N03899
Adding net N03939
Adding net N03767
Adding net N03963
Adding net N03959
Adding net N26279
Adding net N03907
Adding net N26291
Adding net N03791
Adding net N03903
Adding net N03927
Adding net N03251
Adding net N03955
Adding net N03279
Adding net N04031
Adding net N03267
Adding net N03275
Adding net N03311
Adding net N03759
Adding net N03239
Adding net N03923
Adding net N03771
Adding net N03287
Adding net N03715
Adding net N03303
Adding net N03523
Adding net N04003
Adding net GND
Adding net N03255
Adding net VCC
Adding net N03691
Adding net N03947
Adding net N03951
Adding net N03775
Adding net N03247
Adding net N03283
Adding net N02077
Adding net N03919
Adding net N02121
Adding net N03235
Adding net N01925
Adding net N03779
Adding net N01689
Adding net N03795
Adding net N02117
Adding net N03351
Adding net N02113
Adding net N03911
Adding net N03295
Adding net N02145
Adding net N03271
Adding net N02065
Adding net N03315
Adding net N02089
Adding net N03943
Adding net N02073
Adding net N03327
Adding net N02109
Adding net N03291
Adding net N01853
Adding net N03143
Adding net N02057
Adding net N00778
Adding net N03895
Adding net N01961
Adding net N03763
Adding net N02085
Adding net N03131
Adding net N01913
Adding net N02951
Adding net N02061
Adding net N03263
Adding net N02129
Adding net N01937
Adding net N03755
Adding net N02053
Adding net N03967
Adding net N01933
Adding net N03987
Adding net N01917
Adding net N03915
Adding net N01941
Adding net N03979
Adding net N02105
Adding net N03243
Adding net N02169
Adding net N03111
Adding net N01921
Adding net N03259
Adding net N02097
Adding net N03935
Adding net N01929
Adding net N03299
Adding net N02093
Adding net N02081
Adding net N02069
Adding net DATA
Adding net N02133
Adding net LATCH
Adding net N02101
Adding net SCLK
Adding net N02125
Adding net N02857
Adding net MISO
Adding net DEBUG_PIN
Adding net N00952
Adding net N00984
Adding net N01173
Adding net N01175
Adding net N01171
Adding net N01181
Adding net XTAL1
Adding net N01183
Adding net XTAL2
Adding net N01179
Adding net N01177
Adding net N01199
Adding net N01222
Deleting net DEFAULT
*EOF*
No errors found
